TN:
SF:controllers/auth.js
FN:7,(anonymous_0)
FN:24,(anonymous_1)
FN:40,(anonymous_2)
FN:65,(anonymous_3)
FN:99,(anonymous_4)
FN:136,(anonymous_5)
FN:157,(anonymous_6)
FNF:7
FNH:7
FNDA:3,(anonymous_0)
FNDA:7,(anonymous_1)
FNDA:5,(anonymous_2)
FNDA:5,(anonymous_3)
FNDA:9,(anonymous_4)
FNDA:2,(anonymous_5)
FNDA:4,(anonymous_6)
DA:1,1
DA:7,1
DA:8,3
DA:10,3
DA:15,3
DA:17,3
DA:24,1
DA:25,7
DA:26,6
DA:27,5
DA:28,4
DA:29,3
DA:30,2
DA:31,1
DA:40,1
DA:41,5
DA:42,5
DA:44,5
DA:46,2
DA:49,3
DA:51,3
DA:52,1
DA:55,2
DA:65,1
DA:66,5
DA:67,5
DA:69,5
DA:70,1
DA:73,4
DA:75,3
DA:76,1
DA:79,2
DA:81,2
DA:82,1
DA:85,1
DA:88,1
DA:89,1
DA:99,1
DA:100,9
DA:101,9
DA:103,8
DA:104,1
DA:107,7
DA:109,7
DA:125,1
DA:126,1
DA:136,1
DA:137,2
DA:138,2
DA:143,1
DA:146,1
DA:147,1
DA:157,1
DA:158,4
DA:159,4
DA:161,4
DA:162,1
DA:165,3
DA:171,2
DA:172,1
DA:175,1
DA:178,1
DA:179,1
LF:63
LH:63
BRDA:15,0,0,1
BRDA:15,0,1,2
BRDA:25,1,0,1
BRDA:25,1,1,6
BRDA:26,2,0,1
BRDA:26,2,1,5
BRDA:27,3,0,1
BRDA:27,3,1,4
BRDA:28,4,0,1
BRDA:28,4,1,3
BRDA:29,5,0,1
BRDA:29,5,1,2
BRDA:30,6,0,1
BRDA:30,6,1,1
BRDA:51,7,0,1
BRDA:51,7,1,2
BRDA:55,8,0,2
BRDA:55,8,1,1
BRDA:69,9,0,1
BRDA:69,9,1,4
BRDA:69,10,0,5
BRDA:69,10,1,4
BRDA:75,11,0,1
BRDA:75,11,1,2
BRDA:81,12,0,1
BRDA:81,12,1,1
BRDA:103,13,0,1
BRDA:103,13,1,7
BRDA:107,14,0,7
BRDA:107,14,1,1
BRDA:161,15,0,1
BRDA:161,15,1,3
BRDA:171,16,0,1
BRDA:171,16,1,1
BRF:34
BRH:34
end_of_record
TN:
SF:controllers/coworkingspaces.js
FN:10,(anonymous_0)
FN:15,(anonymous_1)
FN:18,(anonymous_2)
FN:79,(anonymous_3)
FN:103,(anonymous_4)
FN:129,(anonymous_5)
FN:163,(anonymous_6)
FN:188,(anonymous_7)
FNF:8
FNH:8
FNDA:6,(anonymous_0)
FNDA:24,(anonymous_1)
FNDA:1,(anonymous_2)
FNDA:3,(anonymous_3)
FNDA:4,(anonymous_4)
FNDA:5,(anonymous_5)
FNDA:3,(anonymous_6)
FNDA:6,(anonymous_7)
DA:1,1
DA:2,1
DA:10,1
DA:11,6
DA:12,6
DA:14,6
DA:15,24
DA:17,6
DA:18,6
DA:20,6
DA:27,5
DA:28,1
DA:29,1
DA:32,5
DA:33,1
DA:34,1
DA:36,4
DA:39,5
DA:40,5
DA:41,5
DA:42,5
DA:44,5
DA:46,5
DA:48,5
DA:50,5
DA:52,5
DA:53,2
DA:56,5
DA:57,1
DA:60,5
DA:68,1
DA:69,1
DA:79,1
DA:80,3
DA:81,3
DA:85,2
DA:86,1
DA:89,1
DA:92,1
DA:93,1
DA:103,1
DA:104,4
DA:105,4
DA:107,1
DA:110,3
DA:112,3
DA:113,1
DA:119,2
DA:129,1
DA:130,5
DA:131,5
DA:137,2
DA:138,1
DA:141,1
DA:144,3
DA:146,3
DA:147,1
DA:153,2
DA:163,1
DA:164,3
DA:165,3
DA:167,2
DA:168,1
DA:171,1
DA:172,1
DA:174,1
DA:177,1
DA:178,1
DA:188,1
DA:189,6
DA:190,6
DA:192,6
DA:193,1
DA:196,5
DA:198,4
DA:199,1
DA:202,3
DA:203,3
DA:204,3
DA:206,3
DA:212,3
DA:215,1
DA:216,1
LF:83
LH:83
BRDA:27,0,0,1
BRDA:27,0,1,4
BRDA:32,1,0,1
BRDA:32,1,1,4
BRDA:39,2,0,5
BRDA:39,2,1,3
BRDA:40,3,0,5
BRDA:40,3,1,3
BRDA:52,4,0,2
BRDA:52,4,1,3
BRDA:56,5,0,1
BRDA:56,5,1,4
BRDA:85,6,0,1
BRDA:85,6,1,1
BRDA:112,7,0,1
BRDA:112,7,1,2
BRDA:119,8,0,2
BRDA:119,8,1,1
BRDA:137,9,0,1
BRDA:137,9,1,1
BRDA:146,10,0,1
BRDA:146,10,1,2
BRDA:153,11,0,2
BRDA:153,11,1,1
BRDA:167,12,0,1
BRDA:167,12,1,1
BRDA:192,13,0,1
BRDA:192,13,1,5
BRDA:192,14,0,6
BRDA:192,14,1,2
BRDA:198,15,0,1
BRDA:198,15,1,3
BRDA:203,16,0,2
BRDA:203,16,1,1
BRDA:204,17,0,2
BRDA:204,17,1,1
BRF:36
BRH:36
end_of_record
TN:
SF:controllers/payments.js
FN:13,(anonymous_0)
FN:27,(anonymous_1)
FN:39,(anonymous_2)
FN:48,(anonymous_3)
FN:57,(anonymous_4)
FN:139,(anonymous_5)
FN:185,(anonymous_6)
FN:221,(anonymous_7)
FN:293,(anonymous_8)
FN:346,(anonymous_9)
FN:375,(anonymous_10)
FN:418,(anonymous_11)
FN:463,(anonymous_12)
FN:513,(anonymous_13)
FN:535,(anonymous_14)
FN:590,(anonymous_15)
FN:640,(anonymous_16)
FN:729,(anonymous_17)
FN:772,(anonymous_18)
FN:815,(anonymous_19)
FN:875,(anonymous_20)
FN:896,(anonymous_21)
FNF:22
FNH:21
FNDA:2,(anonymous_0)
FNDA:29,(anonymous_1)
FNDA:15,(anonymous_2)
FNDA:0,(anonymous_3)
FNDA:25,(anonymous_4)
FNDA:11,(anonymous_5)
FNDA:8,(anonymous_6)
FNDA:14,(anonymous_7)
FNDA:12,(anonymous_8)
FNDA:7,(anonymous_9)
FNDA:6,(anonymous_10)
FNDA:11,(anonymous_11)
FNDA:29,(anonymous_12)
FNDA:10,(anonymous_13)
FNDA:5,(anonymous_14)
FNDA:14,(anonymous_15)
FNDA:10,(anonymous_16)
FNDA:5,(anonymous_17)
FNDA:7,(anonymous_18)
FNDA:14,(anonymous_19)
FNDA:14,(anonymous_20)
FNDA:9,(anonymous_21)
DA:3,15
DA:4,15
DA:5,15
DA:6,15
DA:7,15
DA:8,15
DA:10,15
DA:14,2
DA:15,2
DA:16,1
DA:18,1
DA:22,15
DA:27,15
DA:28,29
DA:30,29
DA:31,9
DA:33,20
DA:34,2
DA:37,18
DA:39,15
DA:40,15
DA:48,15
DA:57,15
DA:58,25
DA:59,25
DA:61,25
DA:62,5
DA:68,20
DA:69,2
DA:75,18
DA:79,16
DA:80,3
DA:83,13
DA:84,2
DA:87,11
DA:88,3
DA:94,8
DA:99,8
DA:100,3
DA:106,5
DA:114,5
DA:128,2
DA:139,15
DA:140,11
DA:141,11
DA:143,9
DA:144,2
DA:147,7
DA:148,2
DA:154,5
DA:156,5
DA:157,5
DA:158,5
DA:159,5
DA:160,4
DA:162,4
DA:174,3
DA:185,15
DA:186,8
DA:187,8
DA:189,6
DA:190,2
DA:193,4
DA:194,2
DA:200,2
DA:201,2
DA:203,2
DA:210,2
DA:221,15
DA:222,14
DA:223,14
DA:225,14
DA:226,1
DA:229,13
DA:230,1
DA:233,12
DA:234,2
DA:240,10
DA:241,1
DA:244,9
DA:247,9
DA:248,1
DA:251,8
DA:253,8
DA:258,8
DA:259,2
DA:265,6
DA:266,6
DA:267,6
DA:268,6
DA:269,6
DA:270,6
DA:272,6
DA:283,0
DA:293,15
DA:294,12
DA:295,12
DA:297,9
DA:298,1
DA:301,8
DA:302,1
DA:305,7
DA:306,1
DA:312,6
DA:314,6
DA:315,6
DA:316,6
DA:317,6
DA:318,6
DA:319,4
DA:320,4
DA:322,4
DA:335,5
DA:346,15
DA:347,7
DA:348,7
DA:358,6
DA:365,1
DA:375,15
DA:376,6
DA:377,6
DA:402,4
DA:403,1
DA:406,3
DA:407,1
DA:410,2
DA:413,2
DA:418,15
DA:419,11
DA:420,11
DA:422,11
DA:423,3
DA:426,8
DA:447,7
DA:454,1
DA:455,1
DA:463,15
DA:464,29
DA:465,29
DA:467,27
DA:468,3
DA:471,24
DA:472,3
DA:475,21
DA:476,3
DA:479,18
DA:480,2
DA:483,16
DA:484,16
DA:485,5
DA:488,11
DA:490,11
DA:491,5
DA:494,11
DA:495,6
DA:496,6
DA:499,11
DA:501,11
DA:503,2
DA:513,15
DA:514,10
DA:515,10
DA:517,8
DA:518,1
DA:522,7
DA:523,1
DA:527,6
DA:530,6
DA:531,1
DA:534,5
DA:535,5
DA:536,5
DA:541,5
DA:542,2
DA:548,3
DA:550,3
DA:552,1
DA:553,1
DA:555,2
DA:557,1
DA:558,1
DA:562,1
DA:568,2
DA:569,2
DA:571,2
DA:581,2
DA:590,15
DA:591,14
DA:592,14
DA:593,2
DA:596,12
DA:597,12
DA:598,2
DA:601,10
DA:604,10
DA:622,7
DA:629,3
DA:630,3
DA:632,0
DA:640,15
DA:641,10
DA:642,10
DA:645,10
DA:646,9
DA:647,1
DA:654,8
DA:655,1
DA:662,7
DA:663,1
DA:670,6
DA:671,1
DA:678,5
DA:684,5
DA:685,1
DA:691,4
DA:694,4
DA:699,4
DA:700,1
DA:707,3
DA:710,3
DA:720,1
DA:729,15
DA:730,5
DA:731,5
DA:733,5
DA:734,1
DA:741,4
DA:746,3
DA:747,1
DA:754,2
DA:757,2
DA:768,1
DA:772,15
DA:773,7
DA:774,7
DA:776,7
DA:777,1
DA:780,6
DA:781,5
DA:782,1
DA:786,4
DA:787,1
DA:793,3
DA:794,3
DA:796,3
DA:806,3
DA:808,3
DA:811,1
DA:815,15
DA:816,14
DA:817,14
DA:818,13
DA:819,1
DA:822,12
DA:825,12
DA:826,7
DA:828,5
DA:829,3
DA:832,2
DA:838,10
DA:840,10
DA:848,10
DA:851,10
DA:852,10
DA:853,9
DA:854,9
DA:857,10
DA:866,1
DA:875,15
DA:876,14
DA:877,14
DA:882,10
DA:883,3
DA:886,7
DA:887,2
DA:890,5
DA:892,4
DA:896,15
DA:897,9
DA:898,9
DA:914,7
DA:916,2
LF:282
LH:280
BRDA:15,0,0,1
BRDA:15,0,1,1
BRDA:30,1,0,9
BRDA:30,1,1,20
BRDA:33,2,0,2
BRDA:33,2,1,18
BRDA:61,3,0,5
BRDA:61,3,1,20
BRDA:61,4,0,25
BRDA:61,4,1,22
BRDA:61,4,2,22
BRDA:68,5,0,2
BRDA:68,5,1,18
BRDA:79,6,0,3
BRDA:79,6,1,13
BRDA:83,7,0,2
BRDA:83,7,1,11
BRDA:87,8,0,3
BRDA:87,8,1,8
BRDA:99,9,0,3
BRDA:99,9,1,5
BRDA:143,10,0,2
BRDA:143,10,1,7
BRDA:147,11,0,2
BRDA:147,11,1,5
BRDA:189,12,0,2
BRDA:189,12,1,4
BRDA:193,13,0,2
BRDA:193,13,1,2
BRDA:225,14,0,1
BRDA:225,14,1,13
BRDA:229,15,0,1
BRDA:229,15,1,12
BRDA:233,16,0,2
BRDA:233,16,1,10
BRDA:240,17,0,1
BRDA:240,17,1,9
BRDA:240,18,0,10
BRDA:240,18,1,2
BRDA:247,19,0,1
BRDA:247,19,1,8
BRDA:258,20,0,2
BRDA:258,20,1,6
BRDA:297,21,0,1
BRDA:297,21,1,8
BRDA:301,22,0,1
BRDA:301,22,1,7
BRDA:305,23,0,1
BRDA:305,23,1,6
BRDA:402,24,0,1
BRDA:402,24,1,3
BRDA:406,25,0,1
BRDA:406,25,1,2
BRDA:406,26,0,3
BRDA:406,26,1,2
BRDA:422,27,0,3
BRDA:422,27,1,8
BRDA:422,28,0,11
BRDA:422,28,1,10
BRDA:422,28,2,10
BRDA:422,28,3,8
BRDA:422,28,4,7
BRDA:455,29,0,1
BRDA:455,29,1,0
BRDA:467,30,0,3
BRDA:467,30,1,24
BRDA:471,31,0,3
BRDA:471,31,1,21
BRDA:471,32,0,24
BRDA:471,32,1,4
BRDA:475,33,0,3
BRDA:475,33,1,18
BRDA:479,34,0,2
BRDA:479,34,1,16
BRDA:484,35,0,5
BRDA:484,35,1,11
BRDA:484,36,0,16
BRDA:484,36,1,14
BRDA:490,37,0,5
BRDA:490,37,1,6
BRDA:494,38,0,6
BRDA:494,38,1,5
BRDA:517,39,0,1
BRDA:517,39,1,7
BRDA:522,40,0,1
BRDA:522,40,1,6
BRDA:530,41,0,1
BRDA:530,41,1,5
BRDA:536,42,0,0
BRDA:536,42,1,5
BRDA:541,43,0,2
BRDA:541,43,1,3
BRDA:550,44,0,1
BRDA:550,44,1,2
BRDA:555,45,0,1
BRDA:555,45,1,1
BRDA:592,46,0,2
BRDA:592,46,1,12
BRDA:597,47,0,2
BRDA:597,47,1,10
BRDA:625,48,0,7
BRDA:625,48,1,0
BRDA:629,49,0,3
BRDA:629,49,1,0
BRDA:646,50,0,1
BRDA:646,50,1,8
BRDA:654,51,0,1
BRDA:654,51,1,7
BRDA:654,52,0,8
BRDA:654,52,1,2
BRDA:662,53,0,1
BRDA:662,53,1,6
BRDA:670,54,0,1
BRDA:670,54,1,5
BRDA:684,55,0,1
BRDA:684,55,1,4
BRDA:684,56,0,5
BRDA:684,56,1,4
BRDA:699,57,0,1
BRDA:699,57,1,3
BRDA:733,58,0,1
BRDA:733,58,1,4
BRDA:746,59,0,1
BRDA:746,59,1,2
BRDA:776,60,0,1
BRDA:776,60,1,6
BRDA:781,61,0,1
BRDA:781,61,1,4
BRDA:786,62,0,1
BRDA:786,62,1,3
BRDA:818,63,0,1
BRDA:818,63,1,12
BRDA:825,64,0,7
BRDA:825,64,1,5
BRDA:825,65,0,12
BRDA:825,65,1,6
BRDA:828,66,0,3
BRDA:828,66,1,2
BRDA:852,67,0,9
BRDA:852,67,1,1
BRDA:882,68,0,3
BRDA:882,68,1,7
BRDA:886,69,0,2
BRDA:886,69,1,5
BRDA:886,70,0,7
BRDA:886,70,1,4
BRF:146
BRH:142
end_of_record
TN:
SF:controllers/reservations.js
FN:10,(anonymous_0)
FN:42,(anonymous_1)
FN:72,(anonymous_2)
FN:87,(anonymous_3)
FN:107,(anonymous_4)
FN:159,(anonymous_5)
FN:186,(anonymous_6)
FN:262,(anonymous_7)
FN:323,(anonymous_8)
FN:399,(anonymous_9)
FN:438,(anonymous_10)
FNF:11
FNH:11
FNDA:11,(anonymous_0)
FNDA:12,(anonymous_1)
FNDA:13,(anonymous_2)
FNDA:13,(anonymous_3)
FNDA:5,(anonymous_4)
FNDA:10,(anonymous_5)
FNDA:5,(anonymous_6)
FNDA:10,(anonymous_7)
FNDA:10,(anonymous_8)
FNDA:6,(anonymous_9)
FNDA:5,(anonymous_10)
DA:1,2
DA:2,2
DA:3,2
DA:4,2
DA:5,2
DA:10,2
DA:11,11
DA:13,11
DA:14,1
DA:20,10
DA:21,1
DA:27,9
DA:28,1
DA:34,8
DA:42,2
DA:43,12
DA:44,12
DA:46,12
DA:47,1
DA:50,12
DA:72,13
DA:74,7
DA:81,7
DA:82,7
DA:83,4
DA:87,13
DA:94,7
DA:100,5
DA:107,2
DA:108,5
DA:109,5
DA:129,4
DA:130,1
DA:137,3
DA:141,1
DA:147,2
DA:152,1
DA:159,2
DA:160,10
DA:161,10
DA:164,10
DA:165,4
DA:172,6
DA:176,5
DA:177,1
DA:183,4
DA:186,5
DA:187,4
DA:188,1
DA:208,3
DA:213,3
DA:214,1
DA:221,2
DA:226,2
DA:227,1
DA:234,1
DA:237,1
DA:249,1
DA:255,1
DA:262,2
DA:263,10
DA:264,10
DA:266,9
DA:267,1
DA:270,8
DA:274,1
DA:277,7
DA:278,1
DA:284,6
DA:286,6
DA:287,1
DA:294,5
DA:300,5
DA:301,1
DA:307,4
DA:308,4
DA:310,4
DA:316,1
DA:323,2
DA:324,10
DA:325,10
DA:327,9
DA:328,2
DA:334,7
DA:338,2
DA:345,5
DA:346,5
DA:349,5
DA:350,1
DA:354,4
DA:356,4
DA:358,1
DA:359,1
DA:361,1
DA:362,1
DA:365,1
DA:368,1
DA:375,3
DA:376,3
DA:378,3
DA:379,1
DA:380,1
DA:386,3
DA:392,1
DA:399,2
DA:400,6
DA:401,6
DA:402,2
DA:408,4
DA:410,3
DA:411,1
DA:417,2
DA:418,2
DA:420,2
DA:424,2
DA:431,1
DA:438,2
DA:439,5
DA:440,5
DA:442,4
DA:443,1
DA:449,3
DA:453,1
DA:459,2
DA:461,2
DA:466,1
LF:126
LH:126
BRDA:13,0,0,1
BRDA:13,0,1,10
BRDA:20,1,0,1
BRDA:20,1,1,9
BRDA:27,2,0,1
BRDA:27,2,1,8
BRDA:46,3,0,1
BRDA:46,3,1,11
BRDA:89,4,0,13
BRDA:89,4,1,9
BRDA:90,5,0,13
BRDA:90,5,1,9
BRDA:91,6,0,13
BRDA:91,6,1,9
BRDA:129,7,0,1
BRDA:129,7,1,3
BRDA:137,8,0,1
BRDA:137,8,1,2
BRDA:138,9,0,3
BRDA:138,9,1,2
BRDA:164,10,0,4
BRDA:164,10,1,6
BRDA:164,11,0,10
BRDA:164,11,1,9
BRDA:164,11,2,7
BRDA:176,12,0,1
BRDA:176,12,1,4
BRDA:187,13,0,1
BRDA:187,13,1,3
BRDA:213,14,0,1
BRDA:213,14,1,2
BRDA:226,15,0,1
BRDA:226,15,1,1
BRDA:266,16,0,1
BRDA:266,16,1,8
BRDA:270,17,0,1
BRDA:270,17,1,7
BRDA:271,18,0,8
BRDA:271,18,1,3
BRDA:277,19,0,1
BRDA:277,19,1,6
BRDA:286,20,0,1
BRDA:286,20,1,5
BRDA:286,21,0,6
BRDA:286,21,1,5
BRDA:300,22,0,1
BRDA:300,22,1,4
BRDA:327,23,0,2
BRDA:327,23,1,7
BRDA:334,24,0,2
BRDA:334,24,1,5
BRDA:335,25,0,7
BRDA:335,25,1,3
BRDA:346,26,0,3
BRDA:346,26,1,2
BRDA:349,27,0,1
BRDA:349,27,1,4
BRDA:349,28,0,5
BRDA:349,28,1,3
BRDA:356,29,0,1
BRDA:356,29,1,3
BRDA:356,30,0,4
BRDA:356,30,1,2
BRDA:378,31,0,1
BRDA:378,31,1,2
BRDA:378,32,0,3
BRDA:378,32,1,1
BRDA:401,33,0,2
BRDA:401,33,1,4
BRDA:410,34,0,1
BRDA:410,34,1,2
BRDA:442,35,0,1
BRDA:442,35,1,3
BRDA:449,36,0,1
BRDA:449,36,1,2
BRDA:450,37,0,3
BRDA:450,37,1,2
BRF:77
BRH:77
end_of_record
TN:
SF:controllers/rooms.js
FN:10,(anonymous_0)
FN:61,(anonymous_1)
FN:84,(anonymous_2)
FN:118,(anonymous_3)
FN:118,(anonymous_4)
FN:121,(anonymous_5)
FN:168,(anonymous_6)
FN:193,(anonymous_7)
FN:221,(anonymous_8)
FN:221,(anonymous_9)
FN:224,(anonymous_10)
FN:257,(anonymous_11)
FN:315,(anonymous_12)
FNF:13
FNH:13
FNDA:6,(anonymous_0)
FNDA:2,(anonymous_1)
FNDA:4,(anonymous_2)
FNDA:1,(anonymous_3)
FNDA:1,(anonymous_4)
FNDA:3,(anonymous_5)
FNDA:2,(anonymous_6)
FNDA:5,(anonymous_7)
FNDA:1,(anonymous_8)
FNDA:1,(anonymous_9)
FNDA:3,(anonymous_10)
FNDA:6,(anonymous_11)
FNDA:4,(anonymous_12)
DA:1,7
DA:2,7
DA:3,7
DA:4,7
DA:5,7
DA:10,7
DA:11,6
DA:12,6
DA:14,6
DA:15,1
DA:22,5
DA:23,4
DA:24,1
DA:31,3
DA:32,3
DA:33,1
DA:39,2
DA:44,2
DA:50,1
DA:51,1
DA:61,7
DA:62,2
DA:63,2
DA:66,1
DA:73,1
DA:74,1
DA:84,7
DA:85,4
DA:86,4
DA:88,4
DA:89,1
DA:95,3
DA:98,2
DA:100,2
DA:101,2
DA:104,2
DA:112,2
DA:117,2
DA:118,1
DA:121,2
DA:122,3
DA:124,3
DA:125,3
DA:127,3
DA:128,2
DA:130,3
DA:139,2
DA:149,2
DA:156,1
DA:157,1
DA:168,7
DA:169,2
DA:170,2
DA:172,2
DA:177,1
DA:184,1
DA:185,1
DA:193,7
DA:194,5
DA:195,5
DA:201,4
DA:202,1
DA:206,3
DA:207,2
DA:208,2
DA:215,2
DA:220,2
DA:221,1
DA:224,2
DA:225,3
DA:226,3
DA:227,3
DA:228,3
DA:229,2
DA:231,3
DA:240,2
DA:246,1
DA:249,1
DA:250,1
DA:257,7
DA:258,6
DA:259,6
DA:261,5
DA:262,1
DA:269,4
DA:270,2
DA:271,2
DA:272,1
DA:280,3
DA:286,3
DA:287,1
DA:292,2
DA:293,1
DA:295,2
DA:296,2
DA:298,2
DA:304,1
DA:305,1
DA:315,7
DA:316,4
DA:317,4
DA:319,3
DA:320,1
DA:326,2
DA:331,2
DA:332,1
DA:338,1
DA:339,1
DA:341,1
DA:347,1
DA:348,1
LF:111
LH:111
BRDA:14,0,0,1
BRDA:14,0,1,5
BRDA:14,1,0,6
BRDA:14,1,1,6
BRDA:14,1,2,6
BRDA:14,1,3,5
BRDA:23,2,0,1
BRDA:23,2,1,3
BRDA:32,3,0,1
BRDA:32,3,1,2
BRDA:41,4,0,2
BRDA:41,4,1,1
BRDA:88,5,0,1
BRDA:88,5,1,3
BRDA:107,6,0,2
BRDA:107,6,1,1
BRDA:108,7,0,2
BRDA:108,7,1,1
BRDA:127,8,0,1
BRDA:127,8,1,2
BRDA:127,9,0,3
BRDA:127,9,1,2
BRDA:128,10,0,1
BRDA:128,10,1,1
BRDA:134,11,0,1
BRDA:134,11,1,2
BRDA:201,12,0,1
BRDA:201,12,1,3
BRDA:206,13,0,2
BRDA:206,13,1,1
BRDA:211,14,0,2
BRDA:211,14,1,1
BRDA:212,15,0,2
BRDA:212,15,1,1
BRDA:228,16,0,1
BRDA:228,16,1,2
BRDA:228,17,0,3
BRDA:228,17,1,2
BRDA:229,18,0,1
BRDA:229,18,1,1
BRDA:235,19,0,1
BRDA:235,19,1,2
BRDA:261,20,0,1
BRDA:261,20,1,4
BRDA:269,21,0,2
BRDA:269,21,1,2
BRDA:271,22,0,1
BRDA:271,22,1,1
BRDA:282,23,0,3
BRDA:282,23,1,2
BRDA:286,24,0,1
BRDA:286,24,1,2
BRDA:292,25,0,1
BRDA:292,25,1,1
BRDA:319,26,0,1
BRDA:319,26,1,2
BRDA:331,27,0,1
BRDA:331,27,1,1
BRF:58
BRH:58
end_of_record
TN:
SF:controllers/timeslots.js
FN:5,(anonymous_0)
FN:65,(anonymous_1)
FNF:2
FNH:2
FNDA:7,(anonymous_0)
FNDA:2,(anonymous_1)
DA:1,1
DA:2,1
DA:5,1
DA:6,7
DA:7,7
DA:10,7
DA:11,6
DA:12,1
DA:15,5
DA:16,5
DA:17,1
DA:21,4
DA:22,4
DA:23,4
DA:24,4
DA:26,4
DA:27,4
DA:29,4
DA:30,4
DA:31,4
DA:32,4
DA:35,4
DA:36,2
DA:43,2
DA:49,2
DA:50,1
DA:54,1
DA:56,1
DA:59,1
DA:60,1
DA:65,1
DA:66,2
DA:67,2
DA:71,1
DA:74,1
DA:75,1
LF:36
LH:36
BRDA:11,0,0,1
BRDA:11,0,1,5
BRDA:16,1,0,1
BRDA:16,1,1,4
BRDA:35,2,0,2
BRDA:35,2,1,2
BRDA:35,3,0,4
BRDA:35,3,1,3
BRDA:49,4,0,1
BRDA:49,4,1,1
BRF:10
BRH:10
end_of_record
TN:
SF:utils/generateTimeSlots.js
FN:10,toLocalDate
FN:19,getLocalDayRange
FN:26,generateDailySlots
FN:44,(anonymous_3)
FNF:4
FNH:4
FNDA:24,toLocalDate
FNDA:13,getLocalDayRange
FNDA:13,generateDailySlots
FNDA:3,(anonymous_3)
DA:1,1
DA:11,24
DA:12,24
DA:20,13
DA:21,13
DA:22,13
DA:23,13
DA:32,13
DA:33,13
DA:35,13
DA:38,13
DA:43,12
DA:44,3
DA:47,12
DA:48,12
DA:49,12
DA:51,12
DA:52,29
DA:53,29
DA:54,29
DA:56,29
DA:58,28
DA:59,25
DA:62,28
DA:65,12
DA:66,10
DA:69,11
DA:75,1
LF:28
LH:28
BRDA:29,0,0,1
BRDA:30,1,0,1
BRDA:56,2,0,1
BRDA:56,2,1,28
BRDA:58,3,0,25
BRDA:58,3,1,3
BRDA:65,4,0,10
BRDA:65,4,1,2
BRF:8
BRH:8
end_of_record
